Watching for file changes with StatReloader
Watching for file changes with StatReloader
E:\openclass room\oc_p12\epic_events\epic_events\urls.py changed, reloading.
Watching for file changes with StatReloader
E:\openclass room\oc_p12\epic_events\epic_events\urls.py changed, reloading.
Watching for file changes with StatReloader
E:\openclass room\oc_p12\epic_events\epic_events\urls.py changed, reloading.
Watching for file changes with StatReloader
Not Found: /
"GET / HTTP/1.1" 404 2433
Not Found: /favicon.ico
- Broken pipe from ('127.0.0.1', 1058)

"GET /login HTTP/1.1" 301 0
Method Not Allowed: /login/
"GET /login/ HTTP/1.1" 405 7667
"GET /static/rest_framework/css/bootstrap-tweaks.css HTTP/1.1" 200 3385
"GET /static/rest_framework/css/default.css HTTP/1.1" 200 1152
"GET /static/rest_framework/css/bootstrap.min.css HTTP/1.1" 200 121457
"GET /static/rest_framework/js/csrf.js HTTP/1.1" 200 1719
"GET /static/rest_framework/js/prettify-min.js HTTP/1.1" 200 13632
"GET /static/rest_framework/js/bootstrap.min.js HTTP/1.1" 200 39680
"GET /static/rest_framework/img/grid.png HTTP/1.1" 200 1458
"GET /static/rest_framework/css/prettify.css HTTP/1.1" 200 817
"GET /static/rest_framework/js/default.js HTTP/1.1" 200 1268
"GET /static/rest_framework/js/ajax-form.js HTTP/1.1" 200 3597
"GET /static/rest_framework/js/jquery-3.5.1.min.js HTTP/1.1" 200 89476
Not Found: /img/grid.png
"GET /img/grid.png HTTP/1.1" 404 2487
"GET /static/rest_framework/img/grid.png HTTP/1.1" 200 1458
Not Found: /favicon.ico
- Broken pipe from ('127.0.0.1', 1032)

Watching for file changes with StatReloader
"GET /admin/ HTTP/1.1" 302 0
"GET /admin/login/?next=/admin/ HTTP/1.1" 200 2212
- Broken pipe from ('127.0.0.1', 12305)

"GET /static/admin/css/login.css HTTP/1.1" 200 954
- Broken pipe from ('127.0.0.1', 12308)

"GET /static/admin/css/base.css HTTP/1.1" 200 19513
- Broken pipe from ('127.0.0.1', 12306)

- Broken pipe from ('127.0.0.1', 12309)

"GET /static/admin/css/fonts.css HTTP/1.1" 200 423
"GET /static/admin/fonts/Roboto-Light-webfont.woff HTTP/1.1" 200 85692
"GET /static/admin/fonts/Roboto-Regular-webfont.woff HTTP/1.1" 200 85876
"GET /static/admin/img/sorting-icons.svg HTTP/1.1" 200 1097
"GET /static/admin/img/icon-viewlink.svg HTTP/1.1" 200 581
"GET /static/admin/img/icon-addlink.svg HTTP/1.1" 200 331
"GET /static/admin/img/icon-deletelink.svg HTTP/1.1" 200 392
"GET /static/admin/img/icon-changelink.svg HTTP/1.1" 200 380
"GET /static/admin/img/tooltag-arrowright.svg HTTP/1.1" 200 280
"GET /static/admin/img/tooltag-add.svg HTTP/1.1" 200 331
"POST /admin/login/?next=/admin/ HTTP/1.1" 200 2369
- Broken pipe from ('127.0.0.1', 12307)

Not Found: /favicon.ico
- Broken pipe from ('127.0.0.1', 12311)

"POST /admin/login/?next=/admin/ HTTP/1.1" 200 2369
Not Found: /favicon.ico
- Broken pipe from ('127.0.0.1', 12318)

"POST /admin/login/?next=/admin/ HTTP/1.1" 200 2378
Not Found: /favicon.ico
- Broken pipe from ('127.0.0.1', 12321)

"POST /admin/login/?next=/admin/ HTTP/1.1" 200 2383
Not Found: /favicon.ico
- Broken pipe from ('127.0.0.1', 12323)

"POST /admin/login/?next=/admin/ HTTP/1.1" 200 2383
"POST /admin/login/?next=/admin/ HTTP/1.1" 200 2383
"POST /admin/login/?next=/admin/ HTTP/1.1" 200 2383
"POST /admin/login/?next=/admin/ HTTP/1.1" 200 2383
Watching for file changes with StatReloader
"POST /admin/login/?next=/admin/ HTTP/1.1" 200 2379
E:\openclass room\oc_p12\epic_events\user\models.py changed, reloading.
Watching for file changes with StatReloader
E:\openclass room\oc_p12\epic_events\user\models.py changed, reloading.
Watching for file changes with StatReloader
Internal Server Error: /admin/login/
Traceback (most recent call last):
  File "E:\openclass room\oc_p12\venv\lib\site-packages\django\core\handlers\exception.py", line 55, in inner
    response = get_response(request)
  File "E:\openclass room\oc_p12\venv\lib\site-packages\django\core\handlers\base.py", line 197, in _get_response
    response = wrapped_callback(request, *callback_args, **callback_kwargs)
  File "E:\openclass room\oc_p12\venv\lib\site-packages\django\utils\decorators.py", line 46, in _wrapper
    return bound_method(*args, **kwargs)
  File "E:\openclass room\oc_p12\venv\lib\site-packages\django\views\decorators\cache.py", line 62, in _wrapped_view_func
    response = view_func(request, *args, **kwargs)
  File "E:\openclass room\oc_p12\venv\lib\site-packages\django\contrib\admin\sites.py", line 440, in login
    return LoginView.as_view(**defaults)(request)
  File "E:\openclass room\oc_p12\venv\lib\site-packages\django\views\generic\base.py", line 84, in view
    return self.dispatch(request, *args, **kwargs)
  File "E:\openclass room\oc_p12\venv\lib\site-packages\django\utils\decorators.py", line 46, in _wrapper
    return bound_method(*args, **kwargs)
  File "E:\openclass room\oc_p12\venv\lib\site-packages\django\views\decorators\debug.py", line 92, in sensitive_post_parameters_wrapper
    return view(request, *args, **kwargs)
  File "E:\openclass room\oc_p12\venv\lib\site-packages\django\utils\decorators.py", line 46, in _wrapper
    return bound_method(*args, **kwargs)
  File "E:\openclass room\oc_p12\venv\lib\site-packages\django\utils\decorators.py", line 133, in _wrapped_view
    response = view_func(request, *args, **kwargs)
  File "E:\openclass room\oc_p12\venv\lib\site-packages\django\utils\decorators.py", line 46, in _wrapper
    return bound_method(*args, **kwargs)
  File "E:\openclass room\oc_p12\venv\lib\site-packages\django\views\decorators\cache.py", line 62, in _wrapped_view_func
    response = view_func(request, *args, **kwargs)
  File "E:\openclass room\oc_p12\venv\lib\site-packages\django\contrib\auth\views.py", line 67, in dispatch
    return super().dispatch(request, *args, **kwargs)
  File "E:\openclass room\oc_p12\venv\lib\site-packages\django\views\generic\base.py", line 119, in dispatch
    return handler(request, *args, **kwargs)
  File "E:\openclass room\oc_p12\venv\lib\site-packages\django\views\generic\edit.py", line 152, in post
    if form.is_valid():
  File "E:\openclass room\oc_p12\venv\lib\site-packages\django\forms\forms.py", line 205, in is_valid
    return self.is_bound and not self.errors
  File "E:\openclass room\oc_p12\venv\lib\site-packages\django\forms\forms.py", line 200, in errors
    self.full_clean()
  File "E:\openclass room\oc_p12\venv\lib\site-packages\django\forms\forms.py", line 434, in full_clean
    self._clean_form()
  File "E:\openclass room\oc_p12\venv\lib\site-packages\django\forms\forms.py", line 455, in _clean_form
    cleaned_data = self.clean()
  File "E:\openclass room\oc_p12\venv\lib\site-packages\django\contrib\auth\forms.py", line 217, in clean
    self.user_cache = authenticate(
  File "E:\openclass room\oc_p12\venv\lib\site-packages\django\views\decorators\debug.py", line 42, in sensitive_variables_wrapper
    return func(*func_args, **func_kwargs)
  File "E:\openclass room\oc_p12\venv\lib\site-packages\django\contrib\auth\__init__.py", line 77, in authenticate
    user = backend.authenticate(request, **credentials)
  File "E:\openclass room\oc_p12\venv\lib\site-packages\django\contrib\auth\backends.py", line 42, in authenticate
    user = UserModel._default_manager.get_by_natural_key(username)
AttributeError: 'Manager' object has no attribute 'get_by_natural_key'
"POST /admin/login/?next=/admin/ HTTP/1.1" 500 157427
Watching for file changes with StatReloader
"POST /admin/login/?next=/admin/ HTTP/1.1" 200 2379
"POST /admin/login/?next=/admin/ HTTP/1.1" 200 2379
E:\openclass room\oc_p12\epic_events\epic_events\settings.py changed, reloading.
Watching for file changes with StatReloader
"POST /admin/login/?next=/admin/ HTTP/1.1" 200 2379
Watching for file changes with StatReloader
"POST /admin/login/?next=/admin/ HTTP/1.1" 200 2379
"POST /admin/login/?next=/admin/ HTTP/1.1" 200 2379
E:\openclass room\oc_p12\epic_events\epic_events\settings.py changed, reloading.
Watching for file changes with StatReloader
Watching for file changes with StatReloader
"POST /admin/login/?next=/admin/ HTTP/1.1" 200 2379
E:\openclass room\oc_p12\epic_events\epic_events\settings.py changed, reloading.
Watching for file changes with StatReloader
E:\openclass room\oc_p12\epic_events\epic_events\settings.py changed, reloading.
Watching for file changes with StatReloader
Watching for file changes with StatReloader
"POST /admin/login/?next=/admin/ HTTP/1.1" 200 2379
- Broken pipe from ('127.0.0.1', 18412)

E:\openclass room\oc_p12\epic_events\epic_events\settings.py changed, reloading.
Watching for file changes with StatReloader
E:\openclass room\oc_p12\epic_events\user\manager.py changed, reloading.
Watching for file changes with StatReloader
E:\openclass room\oc_p12\epic_events\user\manager.py changed, reloading.
Watching for file changes with StatReloader
Watching for file changes with StatReloader
"GET /admin/login/?next=/admin/ HTTP/1.1" 200 2212
"POST /admin/login/?next=/admin/ HTTP/1.1" 200 2376
"POST /admin/login/?next=/admin/ HTTP/1.1" 200 2383
"GET /static/admin/css/login.css HTTP/1.1" 304 0
"POST /admin/login/?next=/admin/ HTTP/1.1" 200 2383
"POST /admin/login/?next=/admin/ HTTP/1.1" 200 2383
"POST /admin/login/?next=/admin/ HTTP/1.1" 200 2383
Watching for file changes with StatReloader
"GET /admin/login/?next=/admin/ HTTP/1.1" 200 2212
"POST /admin/login/?next=/admin/ HTTP/1.1" 200 2383
Watching for file changes with StatReloader
Watching for file changes with StatReloader
Watching for file changes with StatReloader
Not Found: /
"GET / HTTP/1.1" 404 2433
Not Found: /favicon.ico
- Broken pipe from ('127.0.0.1', 1032)

"GET /admin/ HTTP/1.1" 302 0
"GET /admin/login/?next=/admin/ HTTP/1.1" 200 2215
"GET /static/admin/css/responsive.css HTTP/1.1" 200 18575
"GET /static/admin/css/login.css HTTP/1.1" 200 954
"GET /static/admin/css/nav_sidebar.css HTTP/1.1" 200 2616
"GET /static/admin/css/base.css HTTP/1.1" 200 19513
"GET /static/admin/css/fonts.css HTTP/1.1" 200 423
"GET /static/admin/js/nav_sidebar.js HTTP/1.1" 200 3763
"GET /static/admin/css/base.css HTTP/1.1" 200 19513
"GET /static/admin/fonts/Roboto-Regular-webfont.woff HTTP/1.1" 200 85876
"GET /static/admin/fonts/Roboto-Light-webfont.woff HTTP/1.1" 200 85692
"GET /static/admin/css/fonts.css HTTP/1.1" 200 423
Not Found: /favicon.ico
"GET /favicon.ico HTTP/1.1" 404 2484
- Broken pipe from ('127.0.0.1', 1040)

- Broken pipe from ('127.0.0.1', 1041)

- Broken pipe from ('127.0.0.1', 1042)

- Broken pipe from ('127.0.0.1', 1045)

- Broken pipe from ('127.0.0.1', 1047)

"POST /admin/login/?next=/admin/ HTTP/1.1" 302 0
"GET /admin/ HTTP/1.1" 200 4739
"GET /static/admin/css/dashboard.css HTTP/1.1" 200 380
"GET /static/admin/img/icon-addlink.svg HTTP/1.1" 200 331
"GET /static/admin/img/icon-changelink.svg HTTP/1.1" 200 380
Not Found: /favicon.ico
- Broken pipe from ('127.0.0.1', 1038)

"GET /static/admin/fonts/Roboto-Bold-webfont.woff HTTP/1.1" 200 86184
"GET /admin/user/users/ HTTP/1.1" 200 6854
"GET /static/admin/css/changelists.css HTTP/1.1" 200 6932
"GET /static/admin/js/jquery.init.js HTTP/1.1" 200 347
"GET /admin/jsi18n/ HTTP/1.1" 200 3343
"GET /static/admin/js/core.js HTTP/1.1" 200 5698
"GET /static/admin/js/admin/RelatedObjectLookups.js HTTP/1.1" 200 5984
"GET /static/admin/js/actions.js HTTP/1.1" 200 7872
"GET /static/admin/js/vendor/jquery/jquery.js HTTP/1.1" 200 288580
"GET /static/admin/js/urlify.js HTTP/1.1" 200 7902
"GET /static/admin/js/prepopulate.js HTTP/1.1" 200 1531
"GET /static/admin/js/vendor/xregexp/xregexp.js HTTP/1.1" 200 232381
"GET /static/admin/img/tooltag-add.svg HTTP/1.1" 200 331
"GET /admin/user/users/1/change/ HTTP/1.1" 200 16360
"GET /static/admin/css/forms.css HTTP/1.1" 200 8878
"GET /static/admin/js/prepopulate_init.js HTTP/1.1" 200 492
"GET /static/admin/js/calendar.js HTTP/1.1" 200 8466
"GET /static/admin/js/change_form.js HTTP/1.1" 200 606
"GET /static/admin/js/admin/DateTimeShortcuts.js HTTP/1.1" 200 19634
"GET /admin/jsi18n/ HTTP/1.1" 200 3343
"GET /static/admin/css/widgets.css HTTP/1.1" 200 11097
"GET /static/admin/css/forms.css HTTP/1.1" 200 8878
"GET /static/admin/css/widgets.css HTTP/1.1" 200 11097
"GET /static/admin/img/selector-icons.svg HTTP/1.1" 200 3291
"GET /static/admin/img/icon-unknown.svg HTTP/1.1" 200 655
"GET /static/admin/img/icon-unknown-alt.svg HTTP/1.1" 200 655
"GET /static/admin/img/search.svg HTTP/1.1" 200 458
"GET /static/admin/img/icon-clock.svg HTTP/1.1" 200 677
"GET /static/admin/img/icon-calendar.svg HTTP/1.1" 200 1086
"GET /static/admin/img/calendar-icons.svg HTTP/1.1" 200 1094
"GET /static/admin/img/inline-delete.svg HTTP/1.1" 200 560
"GET /static/admin/img/icon-calendar.svg HTTP/1.1" 200 1086
"GET /static/admin/img/icon-clock.svg HTTP/1.1" 200 677
E:\openclass room\oc_p12\epic_events\user\admin.py changed, reloading.
Watching for file changes with StatReloader
E:\openclass room\oc_p12\epic_events\user\admin.py changed, reloading.
Watching for file changes with StatReloader
E:\openclass room\oc_p12\epic_events\user\admin.py changed, reloading.
Watching for file changes with StatReloader
E:\openclass room\oc_p12\epic_events\user\admin.py changed, reloading.
Watching for file changes with StatReloader
E:\openclass room\oc_p12\epic_events\user\admin.py changed, reloading.
Watching for file changes with StatReloader
E:\openclass room\oc_p12\epic_events\user\admin.py changed, reloading.
Watching for file changes with StatReloader
E:\openclass room\oc_p12\epic_events\user\admin.py changed, reloading.
Watching for file changes with StatReloader
E:\openclass room\oc_p12\epic_events\user\admin.py changed, reloading.
Watching for file changes with StatReloader
E:\openclass room\oc_p12\epic_events\user\admin.py changed, reloading.
Watching for file changes with StatReloader
E:\openclass room\oc_p12\epic_events\user\admin.py changed, reloading.
Watching for file changes with StatReloader
E:\openclass room\oc_p12\epic_events\user\admin.py changed, reloading.
Watching for file changes with StatReloader
E:\openclass room\oc_p12\epic_events\user\admin.py changed, reloading.
Watching for file changes with StatReloader
E:\openclass room\oc_p12\epic_events\user\admin.py changed, reloading.
Watching for file changes with StatReloader
E:\openclass room\oc_p12\epic_events\user\admin.py changed, reloading.
Watching for file changes with StatReloader
E:\openclass room\oc_p12\epic_events\user\admin.py changed, reloading.
Watching for file changes with StatReloader
E:\openclass room\oc_p12\epic_events\user\admin.py changed, reloading.
Watching for file changes with StatReloader
E:\openclass room\oc_p12\epic_events\user\admin.py changed, reloading.
Watching for file changes with StatReloader
E:\openclass room\oc_p12\epic_events\user\admin.py changed, reloading.
Watching for file changes with StatReloader
Watching for file changes with StatReloader
E:\openclass room\oc_p12\epic_events\user\admin.py changed, reloading.
Watching for file changes with StatReloader
E:\openclass room\oc_p12\epic_events\user\admin.py changed, reloading.
Watching for file changes with StatReloader
E:\openclass room\oc_p12\epic_events\user\admin.py changed, reloading.
Watching for file changes with StatReloader
E:\openclass room\oc_p12\epic_events\user\admin.py changed, reloading.
Watching for file changes with StatReloader
E:\openclass room\oc_p12\epic_events\user\admin.py changed, reloading.
Watching for file changes with StatReloader
E:\openclass room\oc_p12\epic_events\user\admin.py changed, reloading.
Watching for file changes with StatReloader
E:\openclass room\oc_p12\epic_events\user\admin.py changed, reloading.
Watching for file changes with StatReloader
E:\openclass room\oc_p12\epic_events\user\admin.py changed, reloading.
Watching for file changes with StatReloader
Watching for file changes with StatReloader
E:\openclass room\oc_p12\epic_events\user\admin.py changed, reloading.
Watching for file changes with StatReloader
E:\openclass room\oc_p12\epic_events\user\admin.py changed, reloading.
Watching for file changes with StatReloader
E:\openclass room\oc_p12\epic_events\user\admin.py changed, reloading.
Watching for file changes with StatReloader
E:\openclass room\oc_p12\epic_events\user\admin.py changed, reloading.
Watching for file changes with StatReloader
Watching for file changes with StatReloader
E:\openclass room\oc_p12\epic_events\user\admin.py changed, reloading.
Watching for file changes with StatReloader
E:\openclass room\oc_p12\epic_events\user\admin.py changed, reloading.
Watching for file changes with StatReloader
E:\openclass room\oc_p12\epic_events\user\admin.py changed, reloading.
Watching for file changes with StatReloader
E:\openclass room\oc_p12\epic_events\user\admin.py changed, reloading.
Watching for file changes with StatReloader
E:\openclass room\oc_p12\epic_events\user\admin.py changed, reloading.
Watching for file changes with StatReloader
E:\openclass room\oc_p12\epic_events\user\admin.py changed, reloading.
Watching for file changes with StatReloader
E:\openclass room\oc_p12\epic_events\user\admin.py changed, reloading.
Watching for file changes with StatReloader
E:\openclass room\oc_p12\epic_events\user\admin.py changed, reloading.
Watching for file changes with StatReloader
Watching for file changes with StatReloader
E:\openclass room\oc_p12\epic_events\user\models.py changed, reloading.
Watching for file changes with StatReloader
E:\openclass room\oc_p12\epic_events\user\models.py changed, reloading.
Watching for file changes with StatReloader
E:\openclass room\oc_p12\epic_events\user\models.py changed, reloading.
Watching for file changes with StatReloader
E:\openclass room\oc_p12\epic_events\user\models.py changed, reloading.
Watching for file changes with StatReloader
E:\openclass room\oc_p12\epic_events\user\models.py changed, reloading.
Watching for file changes with StatReloader
E:\openclass room\oc_p12\epic_events\user\models.py changed, reloading.
Watching for file changes with StatReloader
E:\openclass room\oc_p12\epic_events\user\models.py changed, reloading.
Watching for file changes with StatReloader
E:\openclass room\oc_p12\epic_events\user\models.py changed, reloading.
Watching for file changes with StatReloader
E:\openclass room\oc_p12\epic_events\user\models.py changed, reloading.
Watching for file changes with StatReloader
E:\openclass room\oc_p12\epic_events\user\models.py changed, reloading.
Watching for file changes with StatReloader
E:\openclass room\oc_p12\epic_events\user\models.py changed, reloading.
Watching for file changes with StatReloader
E:\openclass room\oc_p12\epic_events\user\admin.py changed, reloading.
Watching for file changes with StatReloader
E:\openclass room\oc_p12\epic_events\user\admin.py changed, reloading.
Watching for file changes with StatReloader
E:\openclass room\oc_p12\epic_events\user\models.py changed, reloading.
Watching for file changes with StatReloader
E:\openclass room\oc_p12\epic_events\user\admin.py changed, reloading.
Watching for file changes with StatReloader
Watching for file changes with StatReloader
"GET /admin/ HTTP/1.1" 200 4739
"GET /admin/ HTTP/1.1" 200 4739
"GET /admin/user/users/ HTTP/1.1" 200 7698
"GET /admin/jsi18n/ HTTP/1.1" 200 3343
Watching for file changes with StatReloader
Not Found: /
"GET / HTTP/1.1" 404 2433
Not Found: /favicon.ico
"GET /favicon.ico HTTP/1.1" 404 2484
"GET /admin/ HTTP/1.1" 200 4739
"GET /static/admin/js/nav_sidebar.js HTTP/1.1" 304 0
"GET /static/admin/css/base.css HTTP/1.1" 200 19513
"GET /static/admin/css/dashboard.css HTTP/1.1" 200 380
"GET /static/admin/css/responsive.css HTTP/1.1" 200 18575
"GET /static/admin/css/fonts.css HTTP/1.1" 200 423
"GET /static/admin/css/nav_sidebar.css HTTP/1.1" 200 2616
"GET /static/admin/css/base.css HTTP/1.1" 200 19513
"GET /static/admin/img/icon-changelink.svg HTTP/1.1" 200 380
"GET /static/admin/css/fonts.css HTTP/1.1" 200 423
"GET /static/admin/img/icon-addlink.svg HTTP/1.1" 200 331
"GET /static/admin/fonts/Roboto-Regular-webfont.woff HTTP/1.1" 200 85876
"GET /static/admin/fonts/Roboto-Light-webfont.woff HTTP/1.1" 200 85692
"GET /static/admin/fonts/Roboto-Bold-webfont.woff HTTP/1.1" 200 86184
"GET /static/admin/img/icon-addlink.svg HTTP/1.1" 200 331
"GET /static/admin/img/icon-changelink.svg HTTP/1.1" 200 380
"GET /static/admin/img/sorting-icons.svg HTTP/1.1" 200 1097
"GET /static/admin/img/icon-viewlink.svg HTTP/1.1" 200 581
"GET /static/admin/img/icon-deletelink.svg HTTP/1.1" 200 392
"GET /static/admin/img/tooltag-arrowright.svg HTTP/1.1" 200 280
"GET /static/admin/img/tooltag-add.svg HTTP/1.1" 200 331
"GET /admin/user/users/ HTTP/1.1" 200 7698
"GET /static/admin/css/changelists.css HTTP/1.1" 200 6932
"GET /static/admin/js/jquery.init.js HTTP/1.1" 200 347
"GET /static/admin/js/core.js HTTP/1.1" 200 5698
"GET /static/admin/js/admin/RelatedObjectLookups.js HTTP/1.1" 200 5984
"GET /static/admin/js/vendor/jquery/jquery.js HTTP/1.1" 304 0
"GET /static/admin/js/actions.js HTTP/1.1" 200 7872
"GET /static/admin/js/urlify.js HTTP/1.1" 200 7902
"GET /static/admin/js/prepopulate.js HTTP/1.1" 200 1531
"GET /admin/jsi18n/ HTTP/1.1" 200 3343
"GET /static/admin/js/vendor/xregexp/xregexp.js HTTP/1.1" 200 232381
"GET /static/admin/img/tooltag-add.svg HTTP/1.1" 200 331
"GET /admin/user/users/add/ HTTP/1.1" 200 8932
"GET /static/admin/css/forms.css HTTP/1.1" 200 8878
"GET /static/admin/js/prepopulate_init.js HTTP/1.1" 200 492
"GET /static/admin/js/change_form.js HTTP/1.1" 200 606
"GET /admin/jsi18n/ HTTP/1.1" 200 3343
"GET /static/admin/css/widgets.css HTTP/1.1" 200 11097
"GET /static/admin/css/forms.css HTTP/1.1" 200 8878
"GET /static/admin/css/widgets.css HTTP/1.1" 200 11097
"GET /static/admin/img/icon-unknown-alt.svg HTTP/1.1" 200 655
"GET /static/admin/img/icon-calendar.svg HTTP/1.1" 200 1086
"GET /static/admin/img/icon-unknown.svg HTTP/1.1" 200 655
"GET /static/admin/img/icon-clock.svg HTTP/1.1" 200 677
"GET /static/admin/img/selector-icons.svg HTTP/1.1" 200 3291
"GET /static/admin/img/search.svg HTTP/1.1" 200 458
"GET /static/admin/img/inline-delete.svg HTTP/1.1" 200 560
"GET /static/admin/img/calendar-icons.svg HTTP/1.1" 200 1094
"POST /admin/user/users/add/ HTTP/1.1" 302 0
"GET /admin/user/users/2/change/ HTTP/1.1" 200 9504
"GET /admin/jsi18n/ HTTP/1.1" 200 3343
"GET /static/admin/img/icon-yes.svg HTTP/1.1" 200 436
"POST /admin/user/users/2/change/ HTTP/1.1" 302 0
"GET /admin/user/users/ HTTP/1.1" 200 8188
"GET /admin/jsi18n/ HTTP/1.1" 200 3343
"GET /admin/logout/ HTTP/1.1" 200 1530
"GET /admin/ HTTP/1.1" 302 0
"GET /admin/login/?next=/admin/ HTTP/1.1" 200 2215
"GET /static/admin/css/login.css HTTP/1.1" 200 954
"POST /admin/login/?next=/admin/ HTTP/1.1" 200 2383
"POST /admin/login/?next=/admin/ HTTP/1.1" 200 2383
"POST /admin/login/?next=/admin/ HTTP/1.1" 302 0
"GET /admin/ HTTP/1.1" 200 5367
"GET /admin/user/users/ HTTP/1.1" 200 7976
"GET /admin/jsi18n/ HTTP/1.1" 200 3343
"GET /admin/user/users/2/change/ HTTP/1.1" 200 9259
"GET /admin/jsi18n/ HTTP/1.1" 200 3343
"GET /admin/user/users/ HTTP/1.1" 200 7976
"POST /admin/user/users/ HTTP/1.1" 302 0
"GET /admin/user/users/ HTTP/1.1" 200 8101
"GET /admin/jsi18n/ HTTP/1.1" 200 3343
"GET /static/admin/img/icon-alert.svg HTTP/1.1" 200 504
E:\openclass room\oc_p12\epic_events\user\models.py changed, reloading.
Watching for file changes with StatReloader
E:\openclass room\oc_p12\epic_events\user\models.py changed, reloading.
Watching for file changes with StatReloader
Watching for file changes with StatReloader
"GET /admin/logout/ HTTP/1.1" 200 1530
Not Found: /favicon.ico
- Broken pipe from ('127.0.0.1', 1077)

- Broken pipe from ('127.0.0.1', 1079)

"GET /admin/ HTTP/1.1" 302 0
"GET /admin/login/?next=/admin/ HTTP/1.1" 200 2215
"POST /admin/login/?next=/admin/ HTTP/1.1" 200 2383
"POST /admin/login/?next=/admin/ HTTP/1.1" 200 2383
"POST /admin/login/?next=/admin/ HTTP/1.1" 302 0
"GET /admin/ HTTP/1.1" 200 5367
"GET /admin/user/users/ HTTP/1.1" 200 7976
"GET /admin/jsi18n/ HTTP/1.1" 200 3343
Watching for file changes with StatReloader
E:\openclass room\oc_p12\epic_events\user\admin.py changed, reloading.
Watching for file changes with StatReloader
E:\openclass room\oc_p12\epic_events\user\admin.py changed, reloading.
Watching for file changes with StatReloader
E:\openclass room\oc_p12\epic_events\user\admin.py changed, reloading.
Watching for file changes with StatReloader
E:\openclass room\oc_p12\epic_events\user\admin.py changed, reloading.
Watching for file changes with StatReloader
E:\openclass room\oc_p12\epic_events\user\admin.py changed, reloading.
Watching for file changes with StatReloader
Watching for file changes with StatReloader
"GET /admin/user/users/ HTTP/1.1" 200 7976
"GET /admin/jsi18n/ HTTP/1.1" 200 3343
"GET /admin/user/users/add/ HTTP/1.1" 200 9463
"GET /admin/jsi18n/ HTTP/1.1" 200 3343
"GET /admin/user/users/ HTTP/1.1" 200 7976
"POST /admin/user/users/ HTTP/1.1" 200 5785
"GET /static/admin/js/cancel.js HTTP/1.1" 200 884
"POST /admin/user/users/ HTTP/1.1" 302 0
"GET /admin/user/users/ HTTP/1.1" 200 7840
"GET /admin/jsi18n/ HTTP/1.1" 200 3343
"GET /admin/user/users/add/ HTTP/1.1" 200 9463
"GET /admin/jsi18n/ HTTP/1.1" 200 3343
"POST /admin/user/users/add/ HTTP/1.1" 302 0
"GET /admin/user/users/ HTTP/1.1" 200 8189
"GET /admin/jsi18n/ HTTP/1.1" 200 3343
"GET /admin/logout/ HTTP/1.1" 200 1530
"GET /admin/ HTTP/1.1" 302 0
"GET /admin/login/?next=/admin/ HTTP/1.1" 200 2215
"POST /admin/login/?next=/admin/ HTTP/1.1" 200 2383
E:\openclass room\oc_p12\epic_events\user\models.py changed, reloading.
Watching for file changes with StatReloader
E:\openclass room\oc_p12\epic_events\user\models.py changed, reloading.
Watching for file changes with StatReloader
E:\openclass room\oc_p12\epic_events\user\models.py changed, reloading.
Watching for file changes with StatReloader
E:\openclass room\oc_p12\epic_events\user\models.py changed, reloading.
Watching for file changes with StatReloader
Watching for file changes with StatReloader
"POST /admin/login/?next=/admin/ HTTP/1.1" 200 2383
E:\openclass room\oc_p12\epic_events\user\models.py changed, reloading.
Watching for file changes with StatReloader
E:\openclass room\oc_p12\epic_events\user\models.py changed, reloading.
Watching for file changes with StatReloader
Watching for file changes with StatReloader
"GET /admin HTTP/1.1" 301 0
"GET /admin/ HTTP/1.1" 302 0
"GET /admin/login/?next=/admin/ HTTP/1.1" 200 2215
"POST /admin/login/?next=/admin/ HTTP/1.1" 200 2383
"POST /admin/login/?next=/admin/ HTTP/1.1" 302 0
"GET /admin/ HTTP/1.1" 200 5920
"GET /static/admin/img/icon-deletelink.svg HTTP/1.1" 200 392
"GET /admin/user/users/ HTTP/1.1" 200 7979
"GET /admin/jsi18n/ HTTP/1.1" 200 3343
"GET /admin/user/users/3/change/ HTTP/1.1" 200 9798
"GET /admin/jsi18n/ HTTP/1.1" 200 3343
Not Found: /tableau_de_bord/
"GET /tableau_de_bord/ HTTP/1.1" 404 2499
E:\openclass room\oc_p12\epic_events\user\models.py changed, reloading.
Watching for file changes with StatReloader
E:\openclass room\oc_p12\epic_events\user\models.py changed, reloading.
Watching for file changes with StatReloader
E:\openclass room\oc_p12\epic_events\user\models.py changed, reloading.
Watching for file changes with StatReloader
E:\openclass room\oc_p12\epic_events\user\models.py changed, reloading.
Watching for file changes with StatReloader
E:\openclass room\oc_p12\epic_events\user\models.py changed, reloading.
Watching for file changes with StatReloader
E:\openclass room\oc_p12\epic_events\user\models.py changed, reloading.
Watching for file changes with StatReloader
E:\openclass room\oc_p12\epic_events\user\admin.py changed, reloading.
Watching for file changes with StatReloader
E:\openclass room\oc_p12\epic_events\user\admin.py changed, reloading.
Watching for file changes with StatReloader
E:\openclass room\oc_p12\epic_events\user\admin.py changed, reloading.
Watching for file changes with StatReloader
E:\openclass room\oc_p12\epic_events\user\admin.py changed, reloading.
Watching for file changes with StatReloader
E:\openclass room\oc_p12\epic_events\user\admin.py changed, reloading.
Watching for file changes with StatReloader
E:\openclass room\oc_p12\epic_events\user\admin.py changed, reloading.
Watching for file changes with StatReloader
E:\openclass room\oc_p12\epic_events\user\admin.py changed, reloading.
Watching for file changes with StatReloader
E:\openclass room\oc_p12\epic_events\user\admin.py changed, reloading.
Watching for file changes with StatReloader
E:\openclass room\oc_p12\epic_events\user\admin.py changed, reloading.
Watching for file changes with StatReloader
E:\openclass room\oc_p12\epic_events\user\admin.py changed, reloading.
Watching for file changes with StatReloader
E:\openclass room\oc_p12\epic_events\user\admin.py changed, reloading.
Watching for file changes with StatReloader
E:\openclass room\oc_p12\epic_events\user\admin.py changed, reloading.
Watching for file changes with StatReloader
E:\openclass room\oc_p12\epic_events\user\admin.py changed, reloading.
Watching for file changes with StatReloader
E:\openclass room\oc_p12\epic_events\user\admin.py changed, reloading.
Watching for file changes with StatReloader
E:\openclass room\oc_p12\epic_events\user\admin.py changed, reloading.
Watching for file changes with StatReloader
"GET /admin/user/users/ HTTP/1.1" 200 7979
- Broken pipe from ('127.0.0.1', 1392)

- Broken pipe from ('127.0.0.1', 1397)

"GET /admin/user/users/ HTTP/1.1" 200 7979
"GET /admin/jsi18n/ HTTP/1.1" 200 3343
Internal Server Error: /admin/user/users/3/change/
Traceback (most recent call last):
  File "E:\openclass room\oc_p12\venv\lib\site-packages\django\forms\forms.py", line 182, in __getitem__
    field = self.fields[name]
KeyError: 'id'

During handling of the above exception, another exception occurred:

Traceback (most recent call last):
  File "E:\openclass room\oc_p12\venv\lib\site-packages\django\core\handlers\exception.py", line 55, in inner
    response = get_response(request)
  File "E:\openclass room\oc_p12\venv\lib\site-packages\django\core\handlers\base.py", line 220, in _get_response
    response = response.render()
  File "E:\openclass room\oc_p12\venv\lib\site-packages\django\template\response.py", line 114, in render
    self.content = self.rendered_content
  File "E:\openclass room\oc_p12\venv\lib\site-packages\django\template\response.py", line 92, in rendered_content
    return template.render(context, self._request)
  File "E:\openclass room\oc_p12\venv\lib\site-packages\django\template\backends\django.py", line 62, in render
    return self.template.render(context)
  File "E:\openclass room\oc_p12\venv\lib\site-packages\django\template\base.py", line 175, in render
    return self._render(context)
  File "E:\openclass room\oc_p12\venv\lib\site-packages\django\template\base.py", line 167, in _render
    return self.nodelist.render(context)
  File "E:\openclass room\oc_p12\venv\lib\site-packages\django\template\base.py", line 1000, in render
    return SafeString("".join([node.render_annotated(context) for node in self]))
  File "E:\openclass room\oc_p12\venv\lib\site-packages\django\template\base.py", line 1000, in <listcomp>
    return SafeString("".join([node.render_annotated(context) for node in self]))
  File "E:\openclass room\oc_p12\venv\lib\site-packages\django\template\base.py", line 958, in render_annotated
    return self.render(context)
  File "E:\openclass room\oc_p12\venv\lib\site-packages\django\template\loader_tags.py", line 157, in render
    return compiled_parent._render(context)
  File "E:\openclass room\oc_p12\venv\lib\site-packages\django\template\base.py", line 167, in _render
    return self.nodelist.render(context)
  File "E:\openclass room\oc_p12\venv\lib\site-packages\django\template\base.py", line 1000, in render
    return SafeString("".join([node.render_annotated(context) for node in self]))
  File "E:\openclass room\oc_p12\venv\lib\site-packages\django\template\base.py", line 1000, in <listcomp>
    return SafeString("".join([node.render_annotated(context) for node in self]))
  File "E:\openclass room\oc_p12\venv\lib\site-packages\django\template\base.py", line 958, in render_annotated
    return self.render(context)
  File "E:\openclass room\oc_p12\venv\lib\site-packages\django\template\loader_tags.py", line 157, in render
    return compiled_parent._render(context)
  File "E:\openclass room\oc_p12\venv\lib\site-packages\django\template\base.py", line 167, in _render
    return self.nodelist.render(context)
  File "E:\openclass room\oc_p12\venv\lib\site-packages\django\template\base.py", line 1000, in render
    return SafeString("".join([node.render_annotated(context) for node in self]))
  File "E:\openclass room\oc_p12\venv\lib\site-packages\django\template\base.py", line 1000, in <listcomp>
    return SafeString("".join([node.render_annotated(context) for node in self]))
  File "E:\openclass room\oc_p12\venv\lib\site-packages\django\template\base.py", line 958, in render_annotated
    return self.render(context)
  File "E:\openclass room\oc_p12\venv\lib\site-packages\django\template\loader_tags.py", line 63, in render
    result = block.nodelist.render(context)
  File "E:\openclass room\oc_p12\venv\lib\site-packages\django\template\base.py", line 1000, in render
    return SafeString("".join([node.render_annotated(context) for node in self]))
  File "E:\openclass room\oc_p12\venv\lib\site-packages\django\template\base.py", line 1000, in <listcomp>
    return SafeString("".join([node.render_annotated(context) for node in self]))
  File "E:\openclass room\oc_p12\venv\lib\site-packages\django\template\base.py", line 958, in render_annotated
    return self.render(context)
  File "E:\openclass room\oc_p12\venv\lib\site-packages\django\template\loader_tags.py", line 63, in render
    result = block.nodelist.render(context)
  File "E:\openclass room\oc_p12\venv\lib\site-packages\django\template\base.py", line 1000, in render
    return SafeString("".join([node.render_annotated(context) for node in self]))
  File "E:\openclass room\oc_p12\venv\lib\site-packages\django\template\base.py", line 1000, in <listcomp>
    return SafeString("".join([node.render_annotated(context) for node in self]))
  File "E:\openclass room\oc_p12\venv\lib\site-packages\django\template\base.py", line 958, in render_annotated
    return self.render(context)
  File "E:\openclass room\oc_p12\venv\lib\site-packages\django\template\defaulttags.py", line 238, in render
    nodelist.append(node.render_annotated(context))
  File "E:\openclass room\oc_p12\venv\lib\site-packages\django\template\base.py", line 958, in render_annotated
    return self.render(context)
  File "E:\openclass room\oc_p12\venv\lib\site-packages\django\template\loader_tags.py", line 208, in render
    return template.render(context)
  File "E:\openclass room\oc_p12\venv\lib\site-packages\django\template\base.py", line 177, in render
    return self._render(context)
  File "E:\openclass room\oc_p12\venv\lib\site-packages\django\template\base.py", line 167, in _render
    return self.nodelist.render(context)
  File "E:\openclass room\oc_p12\venv\lib\site-packages\django\template\base.py", line 1000, in render
    return SafeString("".join([node.render_annotated(context) for node in self]))
  File "E:\openclass room\oc_p12\venv\lib\site-packages\django\template\base.py", line 1000, in <listcomp>
    return SafeString("".join([node.render_annotated(context) for node in self]))
  File "E:\openclass room\oc_p12\venv\lib\site-packages\django\template\base.py", line 958, in render_annotated
    return self.render(context)
  File "E:\openclass room\oc_p12\venv\lib\site-packages\django\template\defaulttags.py", line 238, in render
    nodelist.append(node.render_annotated(context))
  File "E:\openclass room\oc_p12\venv\lib\site-packages\django\template\base.py", line 958, in render_annotated
    return self.render(context)
  File "E:\openclass room\oc_p12\venv\lib\site-packages\django\template\defaulttags.py", line 193, in render
    values = list(values)
  File "E:\openclass room\oc_p12\venv\lib\site-packages\django\contrib\admin\helpers.py", line 148, in __iter__
    yield AdminField(self.form, field, is_first=(i == 0))
  File "E:\openclass room\oc_p12\venv\lib\site-packages\django\contrib\admin\helpers.py", line 162, in __init__
    self.field = form[field]  # A django.forms.BoundField instance
  File "E:\openclass room\oc_p12\venv\lib\site-packages\django\forms\forms.py", line 184, in __getitem__
    raise KeyError(
KeyError: "Key 'id' not found in 'UsersForm'. Choices are: email, first_name, is_active, is_staff, last_name, password, role, username."
"GET /admin/user/users/3/change/ HTTP/1.1" 500 446260
E:\openclass room\oc_p12\epic_events\user\admin.py changed, reloading.
Watching for file changes with StatReloader
"GET /admin/user/users/3/change/ HTTP/1.1" 200 10431
"GET /admin/jsi18n/ HTTP/1.1" 200 3343
- Broken pipe from ('127.0.0.1', 1447)

- Broken pipe from ('127.0.0.1', 1448)

"POST /admin/user/users/3/change/ HTTP/1.1" 302 0
"GET /admin/user/users/ HTTP/1.1" 200 8203
"GET /admin/jsi18n/ HTTP/1.1" 200 3343
"GET /admin/logout/ HTTP/1.1" 200 1530
"GET /admin/ HTTP/1.1" 302 0
"GET /admin/login/?next=/admin/ HTTP/1.1" 200 2215
"POST /admin/login/?next=/admin/ HTTP/1.1" 200 2383
"POST /admin/login/?next=/admin/ HTTP/1.1" 302 0
"GET /admin/ HTTP/1.1" 200 6231
"GET /admin/user/users/ HTTP/1.1" 200 7979
"GET /admin/jsi18n/ HTTP/1.1" 200 3343
"POST /admin/user/users/ HTTP/1.1" 200 5797
"POST /admin/user/users/ HTTP/1.1" 302 0
"GET /admin/user/users/ HTTP/1.1" 200 7840
"GET /admin/jsi18n/ HTTP/1.1" 200 3343
"GET /admin/user/users/add/ HTTP/1.1" 200 10096
"GET /admin/jsi18n/ HTTP/1.1" 200 3343
"POST /admin/user/users/add/ HTTP/1.1" 200 10315
"GET /admin/jsi18n/ HTTP/1.1" 200 3343
"POST /admin/user/users/add/ HTTP/1.1" 302 0
"GET /admin/user/users/ HTTP/1.1" 200 8196
"GET /admin/jsi18n/ HTTP/1.1" 200 3343
"GET /admin/user/users/add/ HTTP/1.1" 200 10096
"GET /admin/jsi18n/ HTTP/1.1" 200 3343
"GET /admin/user/users/ HTTP/1.1" 200 7974
"GET /admin/logout/ HTTP/1.1" 200 1530
"GET /admin/ HTTP/1.1" 302 0
"GET /admin/login/?next=/admin/ HTTP/1.1" 200 2215
"POST /admin/login/?next=/admin/ HTTP/1.1" 200 2383
"POST /admin/login/?next=/admin/ HTTP/1.1" 200 2383
"POST /admin/login/?next=/admin/ HTTP/1.1" 302 0
"GET /admin/ HTTP/1.1" 200 6808
"GET /admin/user/users/ HTTP/1.1" 200 7974
"GET /admin/jsi18n/ HTTP/1.1" 200 3343
"GET /static/admin/css/fonts.css HTTP/1.1" 200 423
"GET /admin/user/users/4/change/ HTTP/1.1" 200 10488
- Broken pipe from ('127.0.0.1', 1523)

"GET /admin/jsi18n/ HTTP/1.1" 200 3343
"POST /admin/user/users/4/change/ HTTP/1.1" 302 0
"GET /admin/user/users/ HTTP/1.1" 200 8189
"GET /admin/jsi18n/ HTTP/1.1" 200 3343
"GET /admin/logout/ HTTP/1.1" 200 1530
"GET /admin/ HTTP/1.1" 302 0
"GET /admin/login/?next=/admin/ HTTP/1.1" 200 2215
- Broken pipe from ('127.0.0.1', 1444)

"POST /admin/login/?next=/admin/ HTTP/1.1" 200 2374
E:\openclass room\oc_p12\epic_events\user\admin.py changed, reloading.
Watching for file changes with StatReloader
E:\openclass room\oc_p12\epic_events\user\admin.py changed, reloading.
Watching for file changes with StatReloader
E:\openclass room\oc_p12\epic_events\user\admin.py changed, reloading.
Watching for file changes with StatReloader
E:\openclass room\oc_p12\epic_events\user\admin.py changed, reloading.
Watching for file changes with StatReloader
E:\openclass room\oc_p12\epic_events\user\admin.py changed, reloading.
Watching for file changes with StatReloader
E:\openclass room\oc_p12\epic_events\user\admin.py changed, reloading.
Watching for file changes with StatReloader
E:\openclass room\oc_p12\epic_events\user\admin.py changed, reloading.
Watching for file changes with StatReloader
E:\openclass room\oc_p12\epic_events\user\admin.py changed, reloading.
Watching for file changes with StatReloader
E:\openclass room\oc_p12\epic_events\user\admin.py changed, reloading.
Watching for file changes with StatReloader
E:\openclass room\oc_p12\epic_events\user\admin.py changed, reloading.
Watching for file changes with StatReloader
Watching for file changes with StatReloader
"GET /admin/ HTTP/1.1" 302 0
"GET /admin/login/?next=/admin/ HTTP/1.1" 200 2215
"POST /admin/login/?next=/admin/ HTTP/1.1" 302 0
"GET /admin/ HTTP/1.1" 200 7110
"GET /admin/user/users/ HTTP/1.1" 200 8295
"GET /admin/jsi18n/ HTTP/1.1" 200 3343
"GET /static/admin/img/search.svg HTTP/1.1" 200 458
Not Found: /favicon.ico
- Broken pipe from ('127.0.0.1', 1627)

"POST /admin/user/users/ HTTP/1.1" 200 5788
Not Found: /favicon.ico
- Broken pipe from ('127.0.0.1', 1633)

"POST /admin/user/users/ HTTP/1.1" 302 0
"GET /admin/user/users/ HTTP/1.1" 200 8161
"GET /admin/jsi18n/ HTTP/1.1" 200 3343
Not Found: /favicon.ico
- Broken pipe from ('127.0.0.1', 1635)

"GET /admin/user/users/add/ HTTP/1.1" 200 8131
- Broken pipe from ('127.0.0.1', 1642)

"GET /admin/jsi18n/ HTTP/1.1" 200 3343
- Broken pipe from ('127.0.0.1', 1643)

"POST /admin/user/users/add/ HTTP/1.1" 200 8308
"GET /admin/jsi18n/ HTTP/1.1" 200 3343
Not Found: /favicon.ico
- Broken pipe from ('127.0.0.1', 1639)

"POST /admin/user/users/add/ HTTP/1.1" 200 8415
"GET /admin/jsi18n/ HTTP/1.1" 200 3343
Not Found: /favicon.ico
- Broken pipe from ('127.0.0.1', 1646)

"POST /admin/user/users/add/ HTTP/1.1" 302 0
"GET /admin/user/users/5/change/ HTTP/1.1" 200 17372
"GET /static/admin/js/SelectFilter2.js HTTP/1.1" 200 12350
"GET /static/admin/js/calendar.js HTTP/1.1" 200 8466
"GET /static/admin/js/SelectBox.js HTTP/1.1" 200 4360
"GET /static/admin/js/admin/DateTimeShortcuts.js HTTP/1.1" 200 19634
"GET /admin/jsi18n/ HTTP/1.1" 200 3343
Not Found: /favicon.ico
- Broken pipe from ('127.0.0.1', 1657)

"GET /static/admin/img/icon-unknown-alt.svg HTTP/1.1" 200 655
"GET /static/admin/img/selector-icons.svg HTTP/1.1" 200 3291
"GET /static/admin/img/icon-calendar.svg HTTP/1.1" 200 1086
"GET /static/admin/img/icon-unknown.svg HTTP/1.1" 200 655
"GET /static/admin/img/icon-clock.svg HTTP/1.1" 200 677
"POST /admin/user/users/5/change/ HTTP/1.1" 302 0
"GET /admin/user/users/ HTTP/1.1" 200 8501
"GET /admin/jsi18n/ HTTP/1.1" 200 3343
Not Found: /favicon.ico
- Broken pipe from ('127.0.0.1', 1652)

"GET /admin/logout/ HTTP/1.1" 200 1530
"GET /admin/ HTTP/1.1" 302 0
"GET /admin/login/?next=/admin/ HTTP/1.1" 200 2215
"POST /admin/login/?next=/admin/ HTTP/1.1" 302 0
"GET /admin/ HTTP/1.1" 200 2296
"GET /admin/logout/ HTTP/1.1" 200 1530
E:\openclass room\oc_p12\epic_events\clients\models.py changed, reloading.
Watching for file changes with StatReloader
E:\openclass room\oc_p12\epic_events\clients\models.py changed, reloading.
Watching for file changes with StatReloader
E:\openclass room\oc_p12\epic_events\clients\models.py changed, reloading.
Watching for file changes with StatReloader
E:\openclass room\oc_p12\epic_events\clients\models.py changed, reloading.
Watching for file changes with StatReloader
E:\openclass room\oc_p12\epic_events\clients\models.py changed, reloading.
Watching for file changes with StatReloader
E:\openclass room\oc_p12\epic_events\clients\models.py changed, reloading.
Watching for file changes with StatReloader
E:\openclass room\oc_p12\epic_events\clients\models.py changed, reloading.
Watching for file changes with StatReloader
E:\openclass room\oc_p12\epic_events\clients\models.py changed, reloading.
Watching for file changes with StatReloader
E:\openclass room\oc_p12\epic_events\clients\models.py changed, reloading.
Watching for file changes with StatReloader
E:\openclass room\oc_p12\epic_events\clients\models.py changed, reloading.
Watching for file changes with StatReloader
E:\openclass room\oc_p12\epic_events\clients\models.py changed, reloading.
Watching for file changes with StatReloader
E:\openclass room\oc_p12\epic_events\clients\models.py changed, reloading.
Watching for file changes with StatReloader
E:\openclass room\oc_p12\epic_events\clients\models.py changed, reloading.
Watching for file changes with StatReloader
E:\openclass room\oc_p12\epic_events\clients\models.py changed, reloading.
Watching for file changes with StatReloader
E:\openclass room\oc_p12\epic_events\clients\models.py changed, reloading.
Watching for file changes with StatReloader
E:\openclass room\oc_p12\epic_events\clients\models.py changed, reloading.
Watching for file changes with StatReloader
E:\openclass room\oc_p12\epic_events\clients\models.py changed, reloading.
Watching for file changes with StatReloader
E:\openclass room\oc_p12\epic_events\clients\models.py changed, reloading.
Watching for file changes with StatReloader
E:\openclass room\oc_p12\epic_events\clients\models.py changed, reloading.
Watching for file changes with StatReloader
E:\openclass room\oc_p12\epic_events\clients\models.py changed, reloading.
Watching for file changes with StatReloader
E:\openclass room\oc_p12\epic_events\contracts\models.py changed, reloading.
Watching for file changes with StatReloader
E:\openclass room\oc_p12\epic_events\contracts\models.py changed, reloading.
Watching for file changes with StatReloader
E:\openclass room\oc_p12\epic_events\contracts\models.py changed, reloading.
Watching for file changes with StatReloader
E:\openclass room\oc_p12\epic_events\contracts\models.py changed, reloading.
Watching for file changes with StatReloader
E:\openclass room\oc_p12\epic_events\contracts\models.py changed, reloading.
Watching for file changes with StatReloader
E:\openclass room\oc_p12\epic_events\contracts\models.py changed, reloading.
Watching for file changes with StatReloader
E:\openclass room\oc_p12\epic_events\contracts\models.py changed, reloading.
Watching for file changes with StatReloader
E:\openclass room\oc_p12\epic_events\contracts\models.py changed, reloading.
Watching for file changes with StatReloader
E:\openclass room\oc_p12\epic_events\contracts\models.py changed, reloading.
Watching for file changes with StatReloader
E:\openclass room\oc_p12\epic_events\events\models.py changed, reloading.
Watching for file changes with StatReloader
E:\openclass room\oc_p12\epic_events\events\models.py changed, reloading.
Watching for file changes with StatReloader
E:\openclass room\oc_p12\epic_events\events\models.py changed, reloading.
Watching for file changes with StatReloader
E:\openclass room\oc_p12\epic_events\events\models.py changed, reloading.
Watching for file changes with StatReloader
Watching for file changes with StatReloader
Watching for file changes with StatReloader
E:\openclass room\oc_p12\epic_events\clients\admin.py changed, reloading.
Watching for file changes with StatReloader
E:\openclass room\oc_p12\epic_events\clients\admin.py changed, reloading.
Watching for file changes with StatReloader
E:\openclass room\oc_p12\epic_events\events\admin.py changed, reloading.
Watching for file changes with StatReloader
Not Found: /
"GET / HTTP/1.1" 404 2433
Not Found: /favicon.ico
"GET /favicon.ico HTTP/1.1" 404 2484
"GET /admin/ HTTP/1.1" 302 0
"GET /admin/login/?next=/admin/ HTTP/1.1" 200 2215
"GET /static/admin/css/login.css HTTP/1.1" 200 954
"GET /static/admin/css/base.css HTTP/1.1" 200 19513
"GET /static/admin/css/nav_sidebar.css HTTP/1.1" 200 2616
"GET /static/admin/css/responsive.css HTTP/1.1" 200 18575
"GET /static/admin/css/fonts.css HTTP/1.1" 200 423
"GET /static/admin/css/base.css HTTP/1.1" 200 19513
"GET /static/admin/fonts/Roboto-Regular-webfont.woff HTTP/1.1" 200 85876
"GET /static/admin/fonts/Roboto-Light-webfont.woff HTTP/1.1" 200 85692
"GET /static/admin/css/fonts.css HTTP/1.1" 200 423
"GET /static/admin/js/nav_sidebar.js HTTP/1.1" 200 3763
"GET /static/admin/img/sorting-icons.svg HTTP/1.1" 200 1097
"GET /static/admin/img/icon-addlink.svg HTTP/1.1" 200 331
"GET /static/admin/img/icon-viewlink.svg HTTP/1.1" 200 581
"GET /static/admin/img/icon-changelink.svg HTTP/1.1" 200 380
"GET /static/admin/img/icon-deletelink.svg HTTP/1.1" 200 392
"GET /static/admin/img/tooltag-arrowright.svg HTTP/1.1" 200 280
"GET /static/admin/img/tooltag-add.svg HTTP/1.1" 200 331
Not Found: /favicon.ico
"GET /favicon.ico HTTP/1.1" 404 2484
"POST /admin/login/?next=/admin/ HTTP/1.1" 302 0
"GET /admin/ HTTP/1.1" 200 9658
"GET /static/admin/css/dashboard.css HTTP/1.1" 200 380
"GET /static/admin/img/icon-changelink.svg HTTP/1.1" 200 380
"GET /static/admin/img/icon-addlink.svg HTTP/1.1" 200 331
"GET /static/admin/img/icon-deletelink.svg HTTP/1.1" 200 392
"GET /static/admin/fonts/Roboto-Bold-webfont.woff HTTP/1.1" 200 86184
"GET /admin/clients/client/ HTTP/1.1" 200 7254
"GET /static/admin/css/base.css HTTP/1.1" 304 0
"GET /static/admin/css/nav_sidebar.css HTTP/1.1" 304 0
"GET /static/admin/js/nav_sidebar.js HTTP/1.1" 304 0
"GET /static/admin/css/responsive.css HTTP/1.1" 304 0
"GET /static/admin/css/changelists.css HTTP/1.1" 200 6932
"GET /static/admin/js/jquery.init.js HTTP/1.1" 200 347
"GET /static/admin/css/fonts.css HTTP/1.1" 304 0
"GET /admin/jsi18n/ HTTP/1.1" 200 3343
"GET /static/admin/js/core.js HTTP/1.1" 200 5698
"GET /static/admin/js/admin/RelatedObjectLookups.js HTTP/1.1" 200 5984
"GET /static/admin/js/actions.js HTTP/1.1" 200 7872
"GET /static/admin/js/vendor/jquery/jquery.js HTTP/1.1" 200 288580
"GET /static/admin/js/urlify.js HTTP/1.1" 200 7902
"GET /static/admin/js/prepopulate.js HTTP/1.1" 200 1531
"GET /static/admin/js/vendor/xregexp/xregexp.js HTTP/1.1" 200 232381
"GET /static/admin/img/icon-addlink.svg HTTP/1.1" 304 0
"GET /static/admin/img/tooltag-add.svg HTTP/1.1" 200 331
"GET /admin/user/users/ HTTP/1.1" 200 9868
"GET /static/admin/js/nav_sidebar.js HTTP/1.1" 304 0
"GET /static/admin/css/base.css HTTP/1.1" 200 19513
"GET /static/admin/css/nav_sidebar.css HTTP/1.1" 200 2616
"GET /static/admin/js/jquery.init.js HTTP/1.1" 304 0
"GET /static/admin/js/vendor/jquery/jquery.js HTTP/1.1" 304 0
"GET /static/admin/css/changelists.css HTTP/1.1" 200 6932
"GET /static/admin/js/admin/RelatedObjectLookups.js HTTP/1.1" 304 0
"GET /static/admin/js/core.js HTTP/1.1" 304 0
"GET /static/admin/js/actions.js HTTP/1.1" 304 0
"GET /static/admin/js/urlify.js HTTP/1.1" 304 0
"GET /static/admin/js/vendor/xregexp/xregexp.js HTTP/1.1" 304 0
"GET /static/admin/js/prepopulate.js HTTP/1.1" 304 0
"GET /static/admin/css/responsive.css HTTP/1.1" 200 18575
"GET /static/admin/css/fonts.css HTTP/1.1" 200 423
"GET /admin/jsi18n/ HTTP/1.1" 200 3343
"GET /static/admin/img/search.svg HTTP/1.1" 200 458
"GET /static/admin/img/icon-addlink.svg HTTP/1.1" 304 0
"GET /static/admin/img/tooltag-add.svg HTTP/1.1" 304 0
Not Found: /favicon.ico
- Broken pipe from ('127.0.0.1', 1125)

E:\openclass room\oc_p12\epic_events\epic_events\urls.py changed, reloading.
Watching for file changes with StatReloader
E:\openclass room\oc_p12\epic_events\epic_events\urls.py changed, reloading.
Watching for file changes with StatReloader
E:\openclass room\oc_p12\epic_events\epic_events\urls.py changed, reloading.
Watching for file changes with StatReloader
"GET /admin/clients/client/ HTTP/1.1" 200 7254
- Broken pipe from ('127.0.0.1', 1181)

- Broken pipe from ('127.0.0.1', 1183)

Not Found: /
"GET / HTTP/1.1" 404 3574
"GET /clients HTTP/1.1" 301 0
Internal Server Error: /clients/
Traceback (most recent call last):
  File "E:\openclass room\oc_p12\venv\lib\site-packages\django\core\handlers\exception.py", line 55, in inner
    response = get_response(request)
  File "E:\openclass room\oc_p12\venv\lib\site-packages\django\core\handlers\base.py", line 220, in _get_response
    response = response.render()
  File "E:\openclass room\oc_p12\venv\lib\site-packages\django\template\response.py", line 114, in render
    self.content = self.rendered_content
  File "E:\openclass room\oc_p12\venv\lib\site-packages\rest_framework\response.py", line 70, in rendered_content
    ret = renderer.render(self.data, accepted_media_type, context)
  File "E:\openclass room\oc_p12\venv\lib\site-packages\rest_framework\renderers.py", line 724, in render
    context = self.get_context(data, accepted_media_type, renderer_context)
  File "E:\openclass room\oc_p12\venv\lib\site-packages\rest_framework\renderers.py", line 655, in get_context
    raw_data_post_form = self.get_raw_data_form(data, view, 'POST', request)
  File "E:\openclass room\oc_p12\venv\lib\site-packages\rest_framework\renderers.py", line 563, in get_raw_data_form
    data = serializer.data.copy()
  File "E:\openclass room\oc_p12\venv\lib\site-packages\rest_framework\serializers.py", line 555, in data
    ret = super().data
  File "E:\openclass room\oc_p12\venv\lib\site-packages\rest_framework\serializers.py", line 257, in data
    self._data = self.get_initial()
  File "E:\openclass room\oc_p12\venv\lib\site-packages\rest_framework\serializers.py", line 405, in get_initial
    for field in self.fields.values()
  File "E:\openclass room\oc_p12\venv\lib\site-packages\django\utils\functional.py", line 49, in __get__
    res = instance.__dict__[self.name] = self.func(instance)
  File "E:\openclass room\oc_p12\venv\lib\site-packages\rest_framework\serializers.py", line 356, in fields
    for key, value in self.get_fields().items():
  File "E:\openclass room\oc_p12\venv\lib\site-packages\rest_framework\serializers.py", line 1076, in get_fields
    field_class, field_kwargs = self.build_field(
  File "E:\openclass room\oc_p12\venv\lib\site-packages\rest_framework\serializers.py", line 1222, in build_field
    return self.build_unknown_field(field_name, model_class)
  File "E:\openclass room\oc_p12\venv\lib\site-packages\rest_framework\serializers.py", line 1340, in build_unknown_field
    raise ImproperlyConfigured(
django.core.exceptions.ImproperlyConfigured: Field name `email` is not valid for model `Client`.
"GET /clients/ HTTP/1.1" 500 127018
E:\openclass room\oc_p12\epic_events\clients\serializers.py changed, reloading.
Watching for file changes with StatReloader
"GET /clients/ HTTP/1.1" 200 10945
"GET /static/rest_framework/css/bootstrap.min.css HTTP/1.1" 200 121457
"GET /static/rest_framework/css/default.css HTTP/1.1" 200 1152
"GET /static/rest_framework/js/csrf.js HTTP/1.1" 200 1719
"GET /static/rest_framework/css/prettify.css HTTP/1.1" 200 817
"GET /static/rest_framework/js/prettify-min.js HTTP/1.1" 200 13632
"GET /static/rest_framework/css/bootstrap-tweaks.css HTTP/1.1" 200 3385
"GET /static/rest_framework/js/bootstrap.min.js HTTP/1.1" 200 39680
"GET /static/rest_framework/js/ajax-form.js HTTP/1.1" 200 3597
"GET /static/rest_framework/js/default.js HTTP/1.1" 200 1268
"GET /static/rest_framework/js/jquery-3.5.1.min.js HTTP/1.1" 200 89476
"GET /static/rest_framework/img/grid.png HTTP/1.1" 200 1458
"GET /static/rest_framework/img/grid.png HTTP/1.1" 200 1458
Not Found: /img/grid.png
"GET /img/grid.png HTTP/1.1" 404 3628
"GET /contracts/ HTTP/1.1" 200 9809
Not Found: /img/grid.png
"GET /img/grid.png HTTP/1.1" 404 3628
Not Found: /favicon.ico
- Broken pipe from ('127.0.0.1', 1199)

Internal Server Error: /events/
Traceback (most recent call last):
  File "E:\openclass room\oc_p12\venv\lib\site-packages\django\core\handlers\exception.py", line 55, in inner
    response = get_response(request)
  File "E:\openclass room\oc_p12\venv\lib\site-packages\django\core\handlers\base.py", line 220, in _get_response
    response = response.render()
  File "E:\openclass room\oc_p12\venv\lib\site-packages\django\template\response.py", line 114, in render
    self.content = self.rendered_content
  File "E:\openclass room\oc_p12\venv\lib\site-packages\rest_framework\response.py", line 70, in rendered_content
    ret = renderer.render(self.data, accepted_media_type, context)
  File "E:\openclass room\oc_p12\venv\lib\site-packages\rest_framework\renderers.py", line 724, in render
    context = self.get_context(data, accepted_media_type, renderer_context)
  File "E:\openclass room\oc_p12\venv\lib\site-packages\rest_framework\renderers.py", line 655, in get_context
    raw_data_post_form = self.get_raw_data_form(data, view, 'POST', request)
  File "E:\openclass room\oc_p12\venv\lib\site-packages\rest_framework\renderers.py", line 563, in get_raw_data_form
    data = serializer.data.copy()
  File "E:\openclass room\oc_p12\venv\lib\site-packages\rest_framework\serializers.py", line 555, in data
    ret = super().data
  File "E:\openclass room\oc_p12\venv\lib\site-packages\rest_framework\serializers.py", line 257, in data
    self._data = self.get_initial()
  File "E:\openclass room\oc_p12\venv\lib\site-packages\rest_framework\serializers.py", line 405, in get_initial
    for field in self.fields.values()
  File "E:\openclass room\oc_p12\venv\lib\site-packages\django\utils\functional.py", line 49, in __get__
    res = instance.__dict__[self.name] = self.func(instance)
  File "E:\openclass room\oc_p12\venv\lib\site-packages\rest_framework\serializers.py", line 356, in fields
    for key, value in self.get_fields().items():
  File "E:\openclass room\oc_p12\venv\lib\site-packages\rest_framework\serializers.py", line 1076, in get_fields
    field_class, field_kwargs = self.build_field(
  File "E:\openclass room\oc_p12\venv\lib\site-packages\rest_framework\serializers.py", line 1222, in build_field
    return self.build_unknown_field(field_name, model_class)
  File "E:\openclass room\oc_p12\venv\lib\site-packages\rest_framework\serializers.py", line 1340, in build_unknown_field
    raise ImproperlyConfigured(
django.core.exceptions.ImproperlyConfigured: Field name `date_updated` is not valid for model `Event`.
"GET /events/ HTTP/1.1" 500 126599
E:\openclass room\oc_p12\epic_events\events\serializers.py changed, reloading.
Watching for file changes with StatReloader
"GET /events/ HTTP/1.1" 200 10647
"GET /static/rest_framework/js/jquery-3.5.1.min.js HTTP/1.1" 304 0
"GET /static/rest_framework/js/ajax-form.js HTTP/1.1" 304 0
"GET /static/rest_framework/js/csrf.js HTTP/1.1" 304 0
"GET /static/rest_framework/css/default.css HTTP/1.1" 304 0
"GET /static/rest_framework/js/bootstrap.min.js HTTP/1.1" 304 0
"GET /static/rest_framework/js/prettify-min.js HTTP/1.1" 304 0
"GET /static/rest_framework/js/default.js HTTP/1.1" 304 0
"GET /static/rest_framework/css/bootstrap-tweaks.css HTTP/1.1" 200 3385
"GET /static/rest_framework/css/bootstrap.min.css HTTP/1.1" 200 121457
"GET /static/rest_framework/css/prettify.css HTTP/1.1" 200 817
Not Found: /img/grid.png
"GET /img/grid.png HTTP/1.1" 404 3628
Not Found: /favicon.ico
- Broken pipe from ('127.0.0.1', 1222)

"GET /static/rest_framework/img/grid.png HTTP/1.1" 200 1458
